<?xml version="1.0" encoding="UTF-8"?>
<!-- Generated by org.testng.reporters.JUnitReportReporter -->
<testsuite hostname="WIN-LAP-057" failures="0" tests="6" name="FO.Login" time="8.154" errors="0" timestamp="2025-06-27T10:20:14 IST" skipped="0">
  <testcase classname="FO.Login" name="testnegativepassword" time="3.236"/>
  <testcase classname="FO.Login" name="testnegativelogin" time="0.674"/>
  <testcase classname="FO.Login" name="testpositivepassword" time="1.849"/>
  <testcase classname="FO.Login" name="testloginpage" time="0.644"/>
  <testcase classname="FO.Login" name="testnegativeuserid" time="0.844"/>
  <testcase classname="FO.Login" name="testpositiveuserid" time="0.907"/>
</testsuite> <!-- FO.Login -->
