<?xml version="1.0" encoding="UTF-8"?>
<!-- Generated by org.testng.reporters.JUnitReportReporter -->
<testsuite hostname="WIN-LAP-057" failures="0" tests="6" name="FO.Login" time="7.777" errors="0" timestamp="2025-06-18T16:26:29 IST" skipped="0">
  <testcase classname="FO.Login" name="testpositivepassword" time="0.966"/>
  <testcase classname="FO.Login" name="testnegativelogin" time="0.801"/>
  <testcase classname="FO.Login" name="testpositiveuserid" time="0.854"/>
  <testcase classname="FO.Login" name="testloginpage" time="1.247"/>
  <testcase classname="FO.Login" name="testnegativepassword" time="3.067"/>
  <testcase classname="FO.Login" name="testnegativeuserid" time="0.842"/>
</testsuite> <!-- FO.Login -->
