<?xml version="1.0" encoding="UTF-8"?>
<!-- Generated by org.testng.reporters.JUnitReportReporter -->
<testsuite hostname="WIN-LAP-057" failures="0" tests="1" name="FO.Advance_distribution" time="6.654" errors="0" timestamp="2025-06-19T12:35:13 IST" skipped="0">
  <testcase classname="FO.Advance_distribution" name="Test_Sucessfull_Login" time="6.654"/>
</testsuite> <!-- FO.Advance_distribution -->
