<?xml version="1.0" encoding="UTF-8"?>
<!-- Generated by org.testng.reporters.JUnitReportReporter -->
<testsuite hostname="WIN-LAP-057" failures="0" tests="6" name="FO.Login" time="10.627" errors="0" timestamp="2025-06-19T18:18:29 IST" skipped="0">
  <testcase classname="FO.Login" name="testpositiveuserid" time="3.330"/>
  <testcase classname="FO.Login" name="testnegativelogin" time="0.747"/>
  <testcase classname="FO.Login" name="testnegativepassword" time="3.437"/>
  <testcase classname="FO.Login" name="testpositivepassword" time="1.204"/>
  <testcase classname="FO.Login" name="testnegativeuserid" time="1.060"/>
  <testcase classname="FO.Login" name="testloginpage" time="0.849"/>
</testsuite> <!-- FO.Login -->
