<?xml version="1.0" encoding="UTF-8"?>
<!-- Generated by org.testng.reporters.JUnitReportReporter -->
<testsuite hostname="WIN-LAP-057" failures="0" tests="2" name="FO.testclass" time="62.043" errors="0" timestamp="2025-06-18T16:32:47 IST" skipped="0">
  <testcase classname="FO.testclass" name="Test_Sucessfull_Login" time="8.508"/>
  <testcase classname="FO.testclass" name="test_open_and_amend_saved_reservation_TC_RS_02" time="53.535"/>
</testsuite> <!-- FO.testclass -->
