<?xml version="1.0" encoding="UTF-8"?>
<!-- Generated by org.testng.reporters.JUnitReportReporter -->
<testsuite hostname="WIN-LAP-057" failures="0" tests="2" name="FO.Room_assignment" time="44.775" errors="0" timestamp="2025-06-23T10:40:23 IST" skipped="0">
  <testcase classname="FO.Room_assignment" name="Test_Sucessfull_Login" time="16.920"/>
  <testcase classname="FO.Room_assignment" name="test_view_records_needing_room_assignment_by_date_TC_RA_01" time="27.855"/>
</testsuite> <!-- FO.Room_assignment -->
