<?xml version="1.0" encoding="UTF-8"?>
<!-- Generated by org.testng.reporters.JUnitReportReporter -->
<testsuite hostname="WIN-LAP-057" failures="0" tests="6" name="FO.Login" time="10.165" errors="0" timestamp="2025-06-25T09:38:06 IST" skipped="0">
  <testcase classname="FO.Login" name="testpositiveuserid" time="1.509"/>
  <testcase classname="FO.Login" name="testloginpage" time="0.635"/>
  <testcase classname="FO.Login" name="testnegativelogin" time="0.849"/>
  <testcase classname="FO.Login" name="testnegativepassword" time="5.038"/>
  <testcase classname="FO.Login" name="testnegativeuserid" time="0.994"/>
  <testcase classname="FO.Login" name="testpositivepassword" time="1.140"/>
</testsuite> <!-- FO.Login -->
