<?xml version="1.0" encoding="UTF-8"?>
<!-- Generated by org.testng.reporters.JUnitReportReporter -->
<testsuite hostname="WIN-LAP-057" failures="0" tests="2" name="FO.testclass" time="59.492" errors="0" timestamp="2025-06-25T16:45:02 IST" skipped="0">
  <testcase classname="FO.testclass" name="Test_Sucessfull_Login" time="3.845"/>
  <testcase classname="FO.testclass" name="test_create_new_message_for_various_guest_statuses_TC_GCRM_03" time="55.647"/>
</testsuite> <!-- FO.testclass -->
