<?xml version="1.0" encoding="UTF-8"?>
<!-- Generated by org.testng.reporters.JUnitReportReporter -->
<testsuite hostname="WIN-LAP-057" failures="0" tests="4" name="FO.Guest_inhouse" time="139.515" errors="0" timestamp="2025-06-27T11:14:38 IST" skipped="0">
  <testcase classname="FO.Guest_inhouse" name="Test_Sucessfull_Login" time="3.940"/>
  <testcase classname="FO.Guest_inhouse" name="test_edit_rate_routing_post_bar_and_split_TC_GIH_03" time="65.449"/>
  <testcase classname="FO.Guest_inhouse" name="test_modify_other_tab_fields_TC_GIH_04" time="34.959"/>
  <testcase classname="FO.Guest_inhouse" name="test_view_inhouse_log_TC_GIH_05" time="35.167"/>
</testsuite> <!-- FO.Guest_inhouse -->
