<?xml version="1.0" encoding="UTF-8"?>
<!-- Generated by org.testng.reporters.JUnitReportReporter -->
<testsuite hostname="WIN-LAP-057" failures="0" tests="2" name="FO.testclass" time="54.082" errors="0" timestamp="2025-06-25T11:52:28 IST" skipped="0">
  <testcase classname="FO.testclass" name="Test_Sucessfull_Login" time="2.674"/>
  <testcase classname="FO.testclass" name="test_edit_rate_routing_post_bar_and_split_TC_GIH_03" time="51.408"/>
</testsuite> <!-- FO.testclass -->
