<?xml version="1.0" encoding="UTF-8"?>
<!-- Generated by org.testng.reporters.JUnitReportReporter -->
<testsuite hostname="WIN-LAP-057" failures="0" tests="2" name="FO.testclass" time="125.246" errors="0" timestamp="2025-06-20T16:16:25 IST" skipped="0">
  <testcase classname="FO.testclass" name="Test_Sucessfull_Login" time="11.740"/>
  <testcase classname="FO.testclass" name="test_select_advance_type_and_reservation_room_TC_AD_01_Reservation" time="113.506"/>
</testsuite> <!-- FO.testclass -->
