<?xml version="1.0" encoding="UTF-8"?>
<!-- Generated by org.testng.reporters.JUnitReportReporter -->
<testsuite hostname="WIN-LAP-057" failures="0" tests="6" name="FO.Login" time="8.307" errors="0" timestamp="2025-06-19T17:58:45 IST" skipped="0">
  <testcase classname="FO.Login" name="testnegativepassword" time="3.973"/>
  <testcase classname="FO.Login" name="testnegativeuserid" time="0.891"/>
  <testcase classname="FO.Login" name="testpositivepassword" time="1.123"/>
  <testcase classname="FO.Login" name="testnegativelogin" time="0.664"/>
  <testcase classname="FO.Login" name="testloginpage" time="0.632"/>
  <testcase classname="FO.Login" name="testpositiveuserid" time="1.024"/>
</testsuite> <!-- FO.Login -->
