<?xml version="1.0" encoding="UTF-8"?>
<!-- Generated by org.testng.reporters.JUnitReportReporter -->
<testsuite hostname="WIN-LAP-057" failures="0" tests="2" name="FO.Guest_inhouse" time="32.857" errors="0" timestamp="2025-06-24T10:11:40 IST" skipped="0">
  <testcase classname="FO.Guest_inhouse" name="Test_Sucessfull_Login" time="3.478"/>
  <testcase classname="FO.Guest_inhouse" name="test_edit_guest_name_and_personal_details_TC_GIH_01" time="29.379"/>
</testsuite> <!-- FO.Guest_inhouse -->
