<?xml version="1.0" encoding="UTF-8"?>
<!-- Generated by org.testng.reporters.JUnitReportReporter -->
<testsuite hostname="WIN-LAP-057" failures="0" tests="3" name="FO.Advance_distribution" time="176.283" errors="0" timestamp="2025-06-20T17:48:55 IST" skipped="0">
  <testcase classname="FO.Advance_distribution" name="Test_Sucessfull_Login" time="4.533"/>
  <testcase classname="FO.Advance_distribution" name="test_select_advance_type_and_reservation_room_TC_AD_01_Reservation" time="55.650"/>
  <testcase classname="FO.Advance_distribution" name="test_select_advance_type_and_reservation_room_TC_AD_01_CheckIN" time="116.100"/>
</testsuite> <!-- FO.Advance_distribution -->
