<?xml version="1.0" encoding="UTF-8"?>
<!-- Generated by org.testng.reporters.JUnitReportReporter -->
<testsuite hostname="WIN-LAP-057" failures="0" tests="6" name="FO.Login" time="4.725" errors="0" timestamp="2025-06-20T09:43:24 IST" skipped="0">
  <testcase classname="FO.Login" name="testnegativepassword" time="2.923"/>
  <testcase classname="FO.Login" name="testnegativeuserid" time="0.381"/>
  <testcase classname="FO.Login" name="testpositivepassword" time="0.429"/>
  <testcase classname="FO.Login" name="testnegativelogin" time="0.299"/>
  <testcase classname="FO.Login" name="testloginpage" time="0.304"/>
  <testcase classname="FO.Login" name="testpositiveuserid" time="0.389"/>
</testsuite> <!-- FO.Login -->
