<?xml version="1.0" encoding="UTF-8"?>
<!-- Generated by org.testng.reporters.JUnitReportReporter -->
<testsuite hostname="WIN-LAP-057" failures="0" tests="2" name="FO.testclass" time="46.219" errors="0" timestamp="2025-06-23T11:12:51 IST" skipped="0">
  <testcase classname="FO.testclass" name="Test_Sucessfull_Login" time="8.617"/>
  <testcase classname="FO.testclass" name="test_assign_room_number_manually_TC_RA_02" time="37.602"/>
</testsuite> <!-- FO.testclass -->
