<?xml version="1.0" encoding="UTF-8"?>
<!-- Generated by org.testng.reporters.JUnitReportReporter -->
<testsuite hostname="WIN-LAP-057" failures="0" tests="2" name="FO.Reservation_checkIN" time="42.311" errors="0" timestamp="2025-06-18T15:01:02 IST" skipped="0">
  <testcase classname="FO.Reservation_checkIN" name="Test_Sucessfull_Login" time="4.590"/>
  <testcase classname="FO.Reservation_checkIN" name="test_checkin_allowed_on_matching_arrival_and_account_date_TC_CI_01" time="37.721"/>
</testsuite> <!-- FO.Reservation_checkIN -->
