<?xml version="1.0" encoding="UTF-8"?>
<!-- Generated by org.testng.reporters.JUnitReportReporter -->
<testsuite hostname="WIN-LAP-057" failures="0" tests="3" name="FO.Reservation" time="14.671" errors="0" timestamp="2025-06-16T10:36:53 IST" skipped="0">
  <testcase classname="FO.Reservation" name="Test_Sucessfull_Login" time="4.072"/>
  <testcase classname="FO.Reservation" name="Test_Registration_page" time="3.606"/>
  <testcase classname="FO.Reservation" name="test_create_reservation_new_mode_mandatory_fields_TC_RS_01" time="6.993"/>
</testsuite> <!-- FO.Reservation -->
