<?xml version="1.0" encoding="UTF-8"?>
<!-- Generated by org.testng.reporters.JUnitReportReporter -->
<testsuite hostname="WIN-LAP-057" failures="0" tests="2" name="FO.testclass" time="30.607" errors="0" timestamp="2025-06-18T15:15:37 IST" skipped="0">
  <testcase classname="FO.testclass" name="Test_Sucessfull_Login" time="3.594"/>
  <testcase classname="FO.testclass" name="TestFoCheckin" time="27.013"/>
</testsuite> <!-- FO.testclass -->
