<?xml version="1.0" encoding="UTF-8"?>
<!-- Generated by org.testng.reporters.JUnitReportReporter -->
<testsuite hostname="WIN-LAP-057" failures="0" tests="1" name="FO.Base" time="5.169" errors="0" timestamp="2025-06-27T12:21:17 IST" skipped="0">
  <testcase classname="FO.Base" name="Test_Sucessfull_Login" time="5.169"/>
</testsuite> <!-- FO.Base -->
