<?xml version="1.0" encoding="UTF-8"?>
<!-- Generated by org.testng.reporters.JUnitReportReporter -->
<testsuite hostname="WIN-LAP-057" failures="0" tests="2" name="FO.testclass" time="69.718" errors="0" timestamp="2025-06-18T12:43:14 IST" skipped="0">
  <testcase classname="FO.testclass" name="Test_Sucessfull_Login" time="3.375"/>
  <testcase classname="FO.testclass" name="test_ledger_transactions_modify_open_mode_TC_RS_12_Advance" time="66.343"/>
</testsuite> <!-- FO.testclass -->
