<?xml version="1.0" encoding="UTF-8"?>
<!-- Generated by org.testng.reporters.JUnitReportReporter -->
<testsuite hostname="WIN-LAP-057" failures="0" tests="6" name="FO.Login" time="7.776" errors="0" timestamp="2025-06-13T18:05:25 IST" skipped="0">
  <testcase classname="FO.Login" name="testnegativelogin" time="1.160"/>
  <testcase classname="FO.Login" name="testnegativepassword" time="3.201"/>
  <testcase classname="FO.Login" name="testnegativeuserid" time="0.784"/>
  <testcase classname="FO.Login" name="testpositivepassword" time="1.123"/>
  <testcase classname="FO.Login" name="testpositiveuserid" time="0.891"/>
  <testcase classname="FO.Login" name="testloginpage" time="0.617"/>
</testsuite> <!-- FO.Login -->
