<?xml version="1.0" encoding="UTF-8"?>
<!-- Generated by org.testng.reporters.JUnitReportReporter -->
<testsuite hostname="WIN-LAP-057" failures="0" tests="2" name="FO.testclass" time="40.943" errors="0" timestamp="2025-06-17T11:49:57 IST" skipped="0">
  <testcase classname="FO.testclass" name="Test_Sucessfull_Login" time="9.459"/>
  <testcase classname="FO.testclass" name="test_verify_reservation_view_mode_TC_RS_11" time="31.484"/>
</testsuite> <!-- FO.testclass -->
