<?xml version="1.0" encoding="UTF-8"?>
<!-- Generated by org.testng.reporters.JUnitReportReporter -->
<testsuite hostname="WIN-LAP-057" failures="0" tests="6" name="FO.Login" time="18.879" errors="0" timestamp="2025-06-13T17:46:21 IST" skipped="0">
  <testcase classname="FO.Login" name="testpositivepassword" time="1.896"/>
  <testcase classname="FO.Login" name="testloginpage" time="1.284"/>
  <testcase classname="FO.Login" name="testnegativeuserid" time="1.113"/>
  <testcase classname="FO.Login" name="testpositiveuserid" time="1.852"/>
  <testcase classname="FO.Login" name="testnegativepassword" time="11.939"/>
  <testcase classname="FO.Login" name="testnegativelogin" time="0.795"/>
</testsuite> <!-- FO.Login -->
