<?xml version="1.0" encoding="UTF-8"?>
<!-- Generated by org.testng.reporters.JUnitReportReporter -->
<testsuite hostname="WIN-LAP-057" failures="0" tests="1" name="FO.Reservation_checkIN" time="3.081" errors="0" timestamp="2025-06-23T09:50:55 IST" skipped="0">
  <testcase classname="FO.Reservation_checkIN" name="Test_Sucessfull_Login" time="3.081"/>
</testsuite> <!-- FO.Reservation_checkIN -->
