<?xml version="1.0" encoding="UTF-8"?>
<!-- Generated by org.testng.reporters.JUnitReportReporter -->
<testsuite hostname="WIN-LAP-057" failures="0" tests="6" name="FO.Login" time="8.670" errors="0" timestamp="2025-06-20T17:57:40 IST" skipped="0">
  <testcase classname="FO.Login" name="testloginpage" time="0.601"/>
  <testcase classname="FO.Login" name="testnegativepassword" time="3.235"/>
  <testcase classname="FO.Login" name="testpositivepassword" time="1.144"/>
  <testcase classname="FO.Login" name="testnegativeuserid" time="0.863"/>
  <testcase classname="FO.Login" name="testpositiveuserid" time="2.144"/>
  <testcase classname="FO.Login" name="testnegativelogin" time="0.683"/>
</testsuite> <!-- FO.Login -->
