<?xml version="1.0" encoding="UTF-8"?>
<!-- Generated by org.testng.reporters.JUnitReportReporter -->
<testsuite hostname="WIN-LAP-057" failures="0" tests="2" name="FO.testclass" time="23.037" errors="0" timestamp="2025-06-26T16:45:27 IST" skipped="0">
  <testcase classname="FO.testclass" name="Test_Sucessfull_Login" time="3.560"/>
  <testcase classname="FO.testclass" name="test_filter_reservations_by_date_and_template_TC_RC_01" time="19.477"/>
</testsuite> <!-- FO.testclass -->
