<?xml version="1.0" encoding="UTF-8"?>
<!-- Generated by org.testng.reporters.JUnitReportReporter -->
<testsuite hostname="WIN-LAP-057" failures="0" tests="2" name="FO.testclass" time="35.184" errors="0" timestamp="2025-06-18T16:06:09 IST" skipped="0">
  <testcase classname="FO.testclass" name="Test_Sucessfull_Login" time="5.055"/>
  <testcase classname="FO.testclass" name="test_verify_registration_card_and_email_after_checkin_TC_CI_04" time="30.129"/>
</testsuite> <!-- FO.testclass -->
