<?xml version="1.0" encoding="UTF-8"?>
<!-- Generated by org.testng.reporters.JUnitReportReporter -->
<testsuite hostname="WIN-LAP-057" failures="0" tests="14" name="FO.Reservation" time="394.125" errors="0" timestamp="2025-06-23T09:50:05 IST" skipped="0">
  <testcase classname="FO.Reservation" name="Test_Sucessfull_Login" time="4.725"/>
  <testcase classname="FO.Reservation" name="Test_Registration_page" time="3.314"/>
  <testcase classname="FO.Reservation" name="test_create_reservation_new_mode_mandatory_fields_TC_RS_01" time="8.698"/>
  <testcase classname="FO.Reservation" name="test_open_and_amend_saved_reservation_TC_RS_02" time="40.238"/>
  <testcase classname="FO.Reservation" name="test_verify_updated_details_open_mode_TC_RS_03" time="29.541"/>
  <testcase classname="FO.Reservation" name="test_cancel_reservation_with_reason_TC_RS_04" time="17.719"/>
  <testcase classname="FO.Reservation" name="test_verify_cancelled_reservation_visibility_TC_RS_05" time="46.938"/>
  <testcase classname="FO.Reservation" name="test_create_addon_reservation_from_existing_TC_RS_06" time="11.080"/>
  <testcase classname="FO.Reservation" name="test_verify_reservation_view_mode_TC_RS_11" time="19.904"/>
  <testcase classname="FO.Reservation" name="test_reinstate_cancelled_reservation_TC_RS_08" time="65.989"/>
  <testcase classname="FO.Reservation" name="test_addon_reservation_after_account_date_TC_RS_10" time="41.403"/>
  <testcase classname="FO.Reservation" name="test_split_reservation_multiple_rooms_TC_RS_07" time="15.807"/>
  <testcase classname="FO.Reservation" name="test_ledger_transactions_modify_open_mode_TC_RS_12" time="55.731"/>
  <testcase classname="FO.Reservation" name="test_ledger_transactions_modify_open_mode_TC_RS_12_Advance" time="33.038"/>
</testsuite> <!-- FO.Reservation -->
