<?xml version="1.0" encoding="UTF-8"?>
<!-- Generated by org.testng.reporters.JUnitReportReporter -->
<testsuite hostname="WIN-LAP-057" failures="0" tests="6" name="FO.Login" time="7.496" errors="0" timestamp="2025-06-23T09:50:05 IST" skipped="0">
  <testcase classname="FO.Login" name="testnegativelogin" time="0.593"/>
  <testcase classname="FO.Login" name="testloginpage" time="0.682"/>
  <testcase classname="FO.Login" name="testnegativepassword" time="3.107"/>
  <testcase classname="FO.Login" name="testnegativeuserid" time="1.375"/>
  <testcase classname="FO.Login" name="testpositiveuserid" time="0.831"/>
  <testcase classname="FO.Login" name="testpositivepassword" time="0.908"/>
</testsuite> <!-- FO.Login -->
