<?xml version="1.0" encoding="UTF-8"?>
<!-- Generated by org.testng.reporters.JUnitReportReporter -->
<testsuite hostname="WIN-LAP-057" failures="0" tests="6" name="FO.Login" time="6.977" errors="0" timestamp="2025-06-18T10:21:55 IST" skipped="0">
  <testcase classname="FO.Login" name="testnegativelogin" time="0.451"/>
  <testcase classname="FO.Login" name="testnegativepassword" time="3.012"/>
  <testcase classname="FO.Login" name="testloginpage" time="0.505"/>
  <testcase classname="FO.Login" name="testpositiveuserid" time="0.889"/>
  <testcase classname="FO.Login" name="testpositivepassword" time="0.939"/>
  <testcase classname="FO.Login" name="testnegativeuserid" time="1.181"/>
</testsuite> <!-- FO.Login -->
