<?xml version="1.0" encoding="UTF-8"?>
<!-- Generated by org.testng.reporters.JUnitReportReporter -->
<testsuite hostname="WIN-LAP-057" failures="0" tests="11" name="FO.Guest_complaint_req_msg" time="568.379" errors="0" timestamp="2025-06-27T10:20:14 IST" skipped="0">
  <testcase classname="FO.Guest_complaint_req_msg" name="Test_Sucessfull_Login" time="11.880"/>
  <testcase classname="FO.Guest_complaint_req_msg" name="test_create_new_complaint_for_various_guest_statuses_TC_GCRM_01" time="60.648"/>
  <testcase classname="FO.Guest_complaint_req_msg" name="test_create_new_request_for_various_guest_statuses_TC_GCRM_02" time="55.888"/>
  <testcase classname="FO.Guest_complaint_req_msg" name="test_create_new_message_for_various_guest_statuses_TC_GCRM_03" time="60.783"/>
  <testcase classname="FO.Guest_complaint_req_msg" name="test_modify_complaint_details_open_mode_TC_GCRM_04" time="33.813"/>
  <testcase classname="FO.Guest_complaint_req_msg" name="test_modify_request_details_open_mode_TC_GCRM_05" time="37.555"/>
  <testcase classname="FO.Guest_complaint_req_msg" name="test_modify_message_details_open_mode_TC_GCRM_06" time="41.854"/>
  <testcase classname="FO.Guest_complaint_req_msg" name="test_view_complaint_request_message_details_TC_GCRM_07" time="82.655"/>
  <testcase classname="FO.Guest_complaint_req_msg" name="test_delete_complaint_request_message_view_mode_TC_GCRM_08" time="76.785"/>
  <testcase classname="FO.Guest_complaint_req_msg" name="test_close_complaint_request_message_with_action_note_TC_GCRM_09" time="72.169"/>
  <testcase classname="FO.Guest_complaint_req_msg" name="test_view_reports_from_header_button_TC_GCRM_10" time="34.349"/>
</testsuite> <!-- FO.Guest_complaint_req_msg -->
