<?xml version="1.0" encoding="UTF-8"?>
<!-- Generated by org.testng.reporters.JUnitReportReporter -->
<testsuite hostname="WIN-LAP-057" failures="0" tests="2" name="FO.testclass" time="138.706" errors="0" timestamp="2025-06-19T11:31:28 IST" skipped="0">
  <testcase classname="FO.testclass" name="Test_Sucessfull_Login" time="9.169"/>
  <testcase classname="FO.testclass" name="test_ledger_transactions_modify_open_mode_TC_RS_12" time="129.537"/>
</testsuite> <!-- FO.testclass -->
