<?xml version="1.0" encoding="UTF-8"?>
<!-- Generated by org.testng.reporters.JUnitReportReporter -->
<testsuite hostname="WIN-LAP-057" failures="0" tests="2" name="FO.testclass" time="50.125" errors="0" timestamp="2025-06-18T14:22:54 IST" skipped="0">
  <testcase classname="FO.testclass" name="Test_Sucessfull_Login" time="2.556"/>
  <testcase classname="FO.testclass" name="test_ledger_transactions_modify_open_mode_TC_RS_12_Advance" time="47.569"/>
</testsuite> <!-- FO.testclass -->
