<?xml version="1.0" encoding="UTF-8"?>
<!-- Generated by org.testng.reporters.JUnitReportReporter -->
<testsuite hostname="WIN-LAP-057" failures="0" tests="6" name="FO.Login" time="9.144" errors="0" timestamp="2025-06-26T10:08:04 IST" skipped="0">
  <testcase classname="FO.Login" name="testloginpage" time="0.677"/>
  <testcase classname="FO.Login" name="testnegativeuserid" time="0.779"/>
  <testcase classname="FO.Login" name="testnegativepassword" time="3.136"/>
  <testcase classname="FO.Login" name="testpositivepassword" time="0.991"/>
  <testcase classname="FO.Login" name="testnegativelogin" time="2.693"/>
  <testcase classname="FO.Login" name="testpositiveuserid" time="0.868"/>
</testsuite> <!-- FO.Login -->
