<?xml version="1.0" encoding="UTF-8"?>
<!-- Generated by org.testng.reporters.JUnitReportReporter -->
<testsuite hostname="WIN-LAP-057" failures="0" tests="3" name="FO.Advance_distribution" time="158.745" errors="0" timestamp="2025-06-25T09:42:29 IST" skipped="0">
  <testcase classname="FO.Advance_distribution" name="Test_Sucessfull_Login" time="4.381"/>
  <testcase classname="FO.Advance_distribution" name="test_select_advance_type_and_reservation_room_TC_AD_01_Reservation" time="53.832"/>
  <testcase classname="FO.Advance_distribution" name="test_select_advance_type_and_reservation_room_TC_AD_01_CheckIN" time="100.532"/>
</testsuite> <!-- FO.Advance_distribution -->
