<?xml version="1.0" encoding="UTF-8"?>
<!-- Generated by org.testng.reporters.JUnitReportReporter -->
<testsuite hostname="WIN-LAP-057" failures="0" tests="2" name="FO.testclass" time="26.552" errors="0" timestamp="2025-06-17T15:19:18 IST" skipped="0">
  <testcase classname="FO.testclass" name="Test_Sucessfull_Login" time="3.275"/>
  <testcase classname="FO.testclass" name="test_addon_reservation_after_account_date_TC_RS_10" time="23.277"/>
</testsuite> <!-- FO.testclass -->
