<?xml version="1.0" encoding="UTF-8"?>
<!-- Generated by org.testng.reporters.JUnitReportReporter -->
<testsuite hostname="WIN-LAP-057" failures="0" tests="6" name="FO.Guest_Search" time="99.757" errors="0" timestamp="2025-06-25T09:44:55 IST" skipped="0">
  <testcase classname="FO.Guest_Search" name="Test_Sucessfull_Login" time="4.707"/>
  <testcase classname="FO.Guest_Search" name="test_verify_current_inhouse_guests_displayed_TC_GS_01" time="23.793"/>
  <testcase classname="FO.Guest_Search" name="test_uncheck_current_guest_to_view_all_guests_TC_GS_02" time="12.053"/>
  <testcase classname="FO.Guest_Search" name="test_check_pm_to_view_paymaster_guests_TC_GS_03" time="12.191"/>
  <testcase classname="FO.Guest_Search" name="test_search_guests_by_multiple_fields_TC_GS_04" time="44.330"/>
  <testcase classname="FO.Guest_Search" name="test_verify_guests_displayed_in_sequence_order_TC_GS_05" time="2.683"/>
</testsuite> <!-- FO.Guest_Search -->
