<?xml version="1.0" encoding="UTF-8"?>
<!-- Generated by org.testng.reporters.JUnitReportReporter -->
<testsuite hostname="WIN-LAP-057" failures="0" tests="2" name="FO.testclass" time="39.096" errors="0" timestamp="2025-06-25T12:39:38 IST" skipped="0">
  <testcase classname="FO.testclass" name="Test_Sucessfull_Login" time="2.757"/>
  <testcase classname="FO.testclass" name="test_modify_other_tab_fields_TC_GIH_04" time="36.339"/>
</testsuite> <!-- FO.testclass -->
