<?xml version="1.0" encoding="UTF-8"?>
<!-- Generated by org.testng.reporters.JUnitReportReporter -->
<testsuite hostname="WIN-LAP-057" failures="0" tests="2" name="FO.Guest_Search" time="48.565" errors="0" timestamp="2025-06-23T12:37:47 IST" skipped="0">
  <testcase classname="FO.Guest_Search" name="Test_Sucessfull_Login" time="8.884"/>
  <testcase classname="FO.Guest_Search" name="test_verify_current_inhouse_guests_displayed_TC_GS_01" time="39.681"/>
</testsuite> <!-- FO.Guest_Search -->
