<?xml version="1.0" encoding="UTF-8"?>
<!-- Generated by org.testng.reporters.JUnitReportReporter -->
<testsuite hostname="WIN-LAP-057" failures="0" tests="6" name="FO.Login" time="8.506" errors="0" timestamp="2025-06-19T14:14:37 IST" skipped="0">
  <testcase classname="FO.Login" name="testpositiveuserid" time="1.854"/>
  <testcase classname="FO.Login" name="testnegativelogin" time="0.613"/>
  <testcase classname="FO.Login" name="testnegativepassword" time="3.133"/>
  <testcase classname="FO.Login" name="testpositivepassword" time="1.438"/>
  <testcase classname="FO.Login" name="testnegativeuserid" time="0.818"/>
  <testcase classname="FO.Login" name="testloginpage" time="0.650"/>
</testsuite> <!-- FO.Login -->
