<?xml version="1.0" encoding="UTF-8"?>
<!-- Generated by org.testng.reporters.JUnitReportReporter -->
<testsuite hostname="WIN-LAP-057" failures="0" tests="2" name="FO.Advance_distribution" time="20.741" errors="0" timestamp="2025-06-19T17:20:37 IST" skipped="0">
  <testcase classname="FO.Advance_distribution" name="Test_Sucessfull_Login" time="9.203"/>
  <testcase classname="FO.Advance_distribution" name="test_checkin_allowed_on_matching_arrival_and_account_date_TC_CI_01" time="11.538"/>
</testsuite> <!-- FO.Advance_distribution -->
