<?xml version="1.0" encoding="UTF-8"?>
<!-- Generated by org.testng.reporters.JUnitReportReporter -->
<testsuite hostname="WIN-LAP-057" failures="0" tests="2" name="FO.testclass" time="42.547" errors="0" timestamp="2025-06-24T15:25:09 IST" skipped="0">
  <testcase classname="FO.testclass" name="Test_Sucessfull_Login" time="9.151"/>
  <testcase classname="FO.testclass" name="test_edit_rate_routing_post_bar_and_split_TC_GIH_03" time="33.396"/>
</testsuite> <!-- FO.testclass -->
