<?xml version="1.0" encoding="UTF-8"?>
<!-- Generated by org.testng.reporters.JUnitReportReporter -->
<testsuite hostname="WIN-LAP-057" failures="0" tests="2" name="FO.testclass" time="38.871" errors="0" timestamp="2025-06-26T15:52:30 IST" skipped="0">
  <testcase classname="FO.testclass" name="Test_Sucessfull_Login" time="4.610"/>
  <testcase classname="FO.testclass" name="test_delete_complaint_request_message_view_mode_TC_GCRM_08" time="34.261"/>
</testsuite> <!-- FO.testclass -->
