<?xml version="1.0" encoding="UTF-8"?>
<!-- Generated by org.testng.reporters.JUnitReportReporter -->
<testsuite hostname="WIN-LAP-057" failures="0" tests="4" name="FO.Reservation_checkIN" time="78.828" errors="0" timestamp="2025-06-18T16:26:29 IST" skipped="0">
  <testcase classname="FO.Reservation_checkIN" name="Test_Sucessfull_Login" time="4.791"/>
  <testcase classname="FO.Reservation_checkIN" name="test_checkin_allowed_on_matching_arrival_and_account_date_TC_CI_01" time="34.318"/>
  <testcase classname="FO.Reservation_checkIN" name="test_perform_checkin_on_matching_dates_TC_CI_02" time="18.569"/>
  <testcase classname="FO.Reservation_checkIN" name="test_verify_registration_card_and_email_after_checkin_TC_CI_04" time="21.150"/>
</testsuite> <!-- FO.Reservation_checkIN -->
