<?xml version="1.0" encoding="UTF-8"?>
<!-- Generated by org.testng.reporters.JUnitReportReporter -->
<testsuite hostname="WIN-LAP-057" failures="0" tests="2" name="FO.testclass" time="43.371" errors="0" timestamp="2025-06-18T16:58:38 IST" skipped="0">
  <testcase classname="FO.testclass" name="Test_Sucessfull_Login" time="23.425"/>
  <testcase classname="FO.testclass" name="test_create_walkin_reservation_and_checkin_TC_WI_01" time="19.946"/>
</testsuite> <!-- FO.testclass -->
