<?xml version="1.0" encoding="UTF-8"?>
<!-- Generated by org.testng.reporters.JUnitReportReporter -->
<testsuite hostname="WIN-LAP-057" failures="0" tests="2" name="FO.Room_assignment" time="29.183" errors="0" timestamp="2025-06-27T10:48:45 IST" skipped="0">
  <testcase classname="FO.Room_assignment" name="Test_Sucessfull_Login" time="5.344"/>
  <testcase classname="FO.Room_assignment" name="test_assign_room_number_manually_TC_RA_02" time="23.839"/>
</testsuite> <!-- FO.Room_assignment -->
