<?xml version="1.0" encoding="UTF-8"?>
<!-- Generated by org.testng.reporters.JUnitReportReporter -->
<testsuite hostname="WIN-LAP-057" failures="0" tests="2" name="FO.testclass" time="28.845" errors="0" timestamp="2025-06-27T12:22:17 IST" skipped="0">
  <testcase classname="FO.testclass" name="Test_Sucessfull_Login" time="5.142"/>
  <testcase classname="FO.testclass" name="test_filter_reservations_by_date_and_template_TC_RC_01" time="23.703"/>
</testsuite> <!-- FO.testclass -->
