<?xml version="1.0" encoding="UTF-8"?>
<!-- Generated by org.testng.reporters.JUnitReportReporter -->
<testsuite hostname="WIN-LAP-057" failures="0" tests="2" name="FO.testclass" time="42.667" errors="0" timestamp="2025-06-23T16:02:12 IST" skipped="0">
  <testcase classname="FO.testclass" name="Test_Sucessfull_Login" time="3.531"/>
  <testcase classname="FO.testclass" name="test_search_guests_by_multiple_fields_TC_GS_04" time="39.136"/>
</testsuite> <!-- FO.testclass -->
