<?xml version="1.0" encoding="UTF-8"?>
<!-- Generated by org.testng.reporters.JUnitReportReporter -->
<testsuite hostname="WIN-LAP-057" failures="0" tests="2" name="FO.testclass" time="42.918" errors="0" timestamp="2025-06-19T09:24:45 IST" skipped="0">
  <testcase classname="FO.testclass" name="Test_Sucessfull_Login" time="3.606"/>
  <testcase classname="FO.testclass" name="test_print_registration_card_with_filters_TC_RC_01" time="39.312"/>
</testsuite> <!-- FO.testclass -->
