<?xml version="1.0" encoding="UTF-8"?>
<!-- Generated by org.testng.reporters.JUnitReportReporter -->
<testsuite hostname="WIN-LAP-057" failures="0" tests="2" name="FO.testclass" time="41.178" errors="0" timestamp="2025-06-25T15:07:17 IST" skipped="0">
  <testcase classname="FO.testclass" name="Test_Sucessfull_Login" time="3.923"/>
  <testcase classname="FO.testclass" name="test_view_inhouse_log_TC_GIH_05" time="37.255"/>
</testsuite> <!-- FO.testclass -->
