<?xml version="1.0" encoding="UTF-8"?>
<!-- Generated by org.testng.reporters.JUnitReportReporter -->
<testsuite hostname="WIN-LAP-057" failures="0" tests="6" name="FO.Guest_Search" time="117.570" errors="0" timestamp="2025-06-27T11:18:59 IST" skipped="0">
  <testcase classname="FO.Guest_Search" name="Test_Sucessfull_Login" time="7.902"/>
  <testcase classname="FO.Guest_Search" name="test_verify_current_inhouse_guests_displayed_TC_GS_01" time="28.300"/>
  <testcase classname="FO.Guest_Search" name="test_uncheck_current_guest_to_view_all_guests_TC_GS_02" time="15.555"/>
  <testcase classname="FO.Guest_Search" name="test_check_pm_to_view_paymaster_guests_TC_GS_03" time="12.949"/>
  <testcase classname="FO.Guest_Search" name="test_search_guests_by_multiple_fields_TC_GS_04" time="42.208"/>
  <testcase classname="FO.Guest_Search" name="test_verify_guests_displayed_in_sequence_order_TC_GS_05" time="10.656"/>
</testsuite> <!-- FO.Guest_Search -->
