<?xml version="1.0" encoding="UTF-8"?>
<!-- Generated by org.testng.reporters.JUnitReportReporter -->
<testsuite hostname="WIN-LAP-057" failures="0" tests="6" name="FO.Login" time="11.674" errors="0" timestamp="2025-06-17T12:01:41 IST" skipped="0">
  <testcase classname="FO.Login" name="testloginpage" time="0.768"/>
  <testcase classname="FO.Login" name="testnegativeuserid" time="1.367"/>
  <testcase classname="FO.Login" name="testnegativelogin" time="0.856"/>
  <testcase classname="FO.Login" name="testpositivepassword" time="1.338"/>
  <testcase classname="FO.Login" name="testpositiveuserid" time="3.893"/>
  <testcase classname="FO.Login" name="testnegativepassword" time="3.452"/>
</testsuite> <!-- FO.Login -->
