<?xml version="1.0" encoding="UTF-8"?>
<!-- Generated by org.testng.reporters.JUnitReportReporter -->
<testsuite hostname="WIN-LAP-057" failures="0" tests="7" name="FO.Reservation_checkIN" time="174.550" errors="0" timestamp="2025-06-27T10:20:14 IST" skipped="0">
  <testcase classname="FO.Reservation_checkIN" name="Test_Sucessfull_Login" time="5.904"/>
  <testcase classname="FO.Reservation_checkIN" name="test_checkin_allowed_on_matching_arrival_and_account_date_TC_CI_01" time="38.191"/>
  <testcase classname="FO.Reservation_checkIN" name="test_perform_checkin_on_matching_dates_TC_CI_02" time="20.892"/>
  <testcase classname="FO.Reservation_checkIN" name="test_verify_registration_card_and_email_after_checkin_TC_CI_04" time="31.570"/>
  <testcase classname="FO.Reservation_checkIN" name="test_create_walkin_reservation_and_checkin_TC_WI_01" time="12.109"/>
  <testcase classname="FO.Reservation_checkIN" name="test_print_registration_card_with_filters_TC_RC_01" time="39.252"/>
  <testcase classname="FO.Reservation_checkIN" name="test_filter_reservations_by_date_and_template_TC_RC_01" time="26.632"/>
</testsuite> <!-- FO.Reservation_checkIN -->
