<?xml version="1.0" encoding="UTF-8"?>
<!-- Generated by org.testng.reporters.JUnitReportReporter -->
<testsuite hostname="WIN-LAP-057" failures="0" tests="1" name="FO.testclass$Reservation" time="5.177" errors="0" timestamp="2025-06-17T11:33:05 IST" skipped="0">
  <testcase classname="FO.testclass$Reservation" name="Test_Sucessfull_Login" time="5.177"/>
</testsuite> <!-- FO.testclass$Reservation -->
