<?xml version="1.0" encoding="UTF-8"?>
<!-- Generated by org.testng.reporters.JUnitReportReporter -->
<testsuite hostname="WIN-LAP-057" failures="0" tests="2" name="FO.testclass" time="62.450" errors="0" timestamp="2025-06-25T16:14:58 IST" skipped="0">
  <testcase classname="FO.testclass" name="Test_Sucessfull_Login" time="5.882"/>
  <testcase classname="FO.testclass" name="test_create_new_complaint_for_various_guest_statuses_TC_GCRM_01" time="56.568"/>
</testsuite> <!-- FO.testclass -->
