<?xml version="1.0" encoding="UTF-8"?>
<!-- Generated by org.testng.reporters.JUnitReportReporter -->
<testsuite hostname="WIN-LAP-057" failures="0" tests="2" name="FO.testclass" time="12.220" errors="0" timestamp="2025-06-23T16:54:28 IST" skipped="0">
  <testcase classname="FO.testclass" name="Test_Sucessfull_Login" time="3.769"/>
  <testcase classname="FO.testclass" name="test_verify_guests_displayed_in_sequence_order_TC_GS_05" time="8.451"/>
</testsuite> <!-- FO.testclass -->
