<?xml version="1.0" encoding="UTF-8"?>
<!-- Generated by org.testng.reporters.JUnitReportReporter -->
<testsuite hostname="WIN-LAP-057" failures="0" tests="3" name="FO.Advance_distribution" time="169.977" errors="0" timestamp="2025-06-27T10:20:14 IST" skipped="0">
  <testcase classname="FO.Advance_distribution" name="Test_Sucessfull_Login" time="3.937"/>
  <testcase classname="FO.Advance_distribution" name="test_select_advance_type_and_reservation_room_TC_AD_01_Reservation" time="54.124"/>
  <testcase classname="FO.Advance_distribution" name="test_select_advance_type_and_reservation_room_TC_AD_01_CheckIN" time="111.916"/>
</testsuite> <!-- FO.Advance_distribution -->
